<?xml version="1.0" encoding="UTF-8"?>
<!-- Generated by org.testng.reporters.JUnitXMLReporter -->
<testsuite hostname="skycore-06" ignored="0" name="Default test" tests="6" failures="0" timestamp="26 Apr 2020 13:20:03 GMT" time="153.294" errors="0">
  <testcase name="TitleVerify" time="0.039" classname="com.qa.test.HomePageTest"/>
  <testcase name="VerifyLoginUserName" time="1.841" classname="com.qa.test.HomePageTest"/>
  <testcase name="VerifyContactPage" time="2.143" classname="com.qa.test.HomePageTest"/>
  <testcase name="VerifyCompaniesPage" time="1.989" classname="com.qa.test.HomePageTest"/>
  <testcase name="VerifyDealsPage" time="1.969" classname="com.qa.test.HomePageTest"/>
  <testcase name="VerifyTasks" time="1.895" classname="com.qa.test.HomePageTest"/>
</testsuite> <!-- Default test -->
