<?xml version="1.0" encoding="UTF-8"?>
<testng-results skipped="0" failed="0" ignored="0" total="1" passed="1">
  <reporter-output>
  </reporter-output>
  <suite name="Default suite" duration-ms="15038" started-at="2020-04-25T13:48:14Z" finished-at="2020-04-25T13:48:29Z">
    <groups>
    </groups>
    <test name="Default test" duration-ms="15038" started-at="2020-04-25T13:48:14Z" finished-at="2020-04-25T13:48:29Z">
      <class name="com.qa.test.LoginPageTest">
        <test-method status="PASS" signature="Setup()[pri:0, instance:com.qa.test.LoginPageTest@46d56d67]" name="Setup" is-config="true" duration-ms="13369" started-at="2020-04-25T13:48:14Z" finished-at="2020-04-25T13:48:28Z">
          <reporter-output>
          </reporter-output>
        </test-method> <!-- Setup -->
        <test-method status="PASS" signature="loginTeest()[pri:0, instance:com.qa.test.LoginPageTest@46d56d67]" name="loginTeest" duration-ms="778" started-at="2020-04-25T13:48:28Z" finished-at="2020-04-25T13:48:29Z">
          <reporter-output>
          </reporter-output>
        </test-method> <!-- loginTeest -->
        <test-method status="PASS" signature="tearDown()[pri:0, instance:com.qa.test.LoginPageTest@46d56d67]" name="tearDown" is-config="true" duration-ms="856" started-at="2020-04-25T13:48:29Z" finished-at="2020-04-25T13:48:29Z">
          <reporter-output>
          </reporter-output>
        </test-method> <!-- tearDown -->
      </class> <!-- com.qa.test.LoginPageTest -->
    </test> <!-- Default test -->
  </suite> <!-- Default suite -->
</testng-results>
