<?xml version="1.0" encoding="UTF-8"?>
<testng-results skipped="0" failed="0" ignored="0" total="6" passed="6">
  <reporter-output>
  </reporter-output>
  <suite name="Default suite" duration-ms="153294" started-at="2020-04-26T13:17:29Z" finished-at="2020-04-26T13:20:03Z">
    <groups>
    </groups>
    <test name="Default test" duration-ms="153294" started-at="2020-04-26T13:17:29Z" finished-at="2020-04-26T13:20:03Z">
      <class name="com.qa.test.HomePageTest">
        <test-method status="PASS" signature="homeSetup()[pri:0, instance:com.qa.test.HomePageTest@46d56d67]" name="homeSetup" is-config="true" duration-ms="18295" started-at="2020-04-26T13:17:29Z" finished-at="2020-04-26T13:17:48Z">
          <reporter-output>
          </reporter-output>
        </test-method> <!-- homeSetup -->
        <test-method status="PASS" signature="TitleVerify()[pri:1, instance:com.qa.test.HomePageTest@46d56d67]" name="TitleVerify" duration-ms="39" started-at="2020-04-26T13:17:48Z" finished-at="2020-04-26T13:17:48Z">
          <reporter-output>
          </reporter-output>
        </test-method> <!-- TitleVerify -->
        <test-method status="PASS" signature="tearDown()[pri:0, instance:com.qa.test.HomePageTest@46d56d67]" name="tearDown" is-config="true" duration-ms="5894" started-at="2020-04-26T13:17:48Z" finished-at="2020-04-26T13:17:54Z">
          <reporter-output>
          </reporter-output>
        </test-method> <!-- tearDown -->
        <test-method status="PASS" signature="homeSetup()[pri:0, instance:com.qa.test.HomePageTest@46d56d67]" name="homeSetup" is-config="true" duration-ms="17402" started-at="2020-04-26T13:17:54Z" finished-at="2020-04-26T13:18:11Z">
          <reporter-output>
          </reporter-output>
        </test-method> <!-- homeSetup -->
        <test-method status="PASS" signature="VerifyLoginUserName()[pri:2, instance:com.qa.test.HomePageTest@46d56d67]" name="VerifyLoginUserName" duration-ms="1841" started-at="2020-04-26T13:18:11Z" finished-at="2020-04-26T13:18:13Z">
          <reporter-output>
          </reporter-output>
        </test-method> <!-- VerifyLoginUserName -->
        <test-method status="PASS" signature="tearDown()[pri:0, instance:com.qa.test.HomePageTest@46d56d67]" name="tearDown" is-config="true" duration-ms="5884" started-at="2020-04-26T13:18:13Z" finished-at="2020-04-26T13:18:19Z">
          <reporter-output>
          </reporter-output>
        </test-method> <!-- tearDown -->
        <test-method status="PASS" signature="homeSetup()[pri:0, instance:com.qa.test.HomePageTest@46d56d67]" name="homeSetup" is-config="true" duration-ms="18519" started-at="2020-04-26T13:18:19Z" finished-at="2020-04-26T13:18:37Z">
          <reporter-output>
          </reporter-output>
        </test-method> <!-- homeSetup -->
        <test-method status="PASS" signature="VerifyContactPage()[pri:3, instance:com.qa.test.HomePageTest@46d56d67]" name="VerifyContactPage" duration-ms="2143" started-at="2020-04-26T13:18:37Z" finished-at="2020-04-26T13:18:39Z">
          <reporter-output>
          </reporter-output>
        </test-method> <!-- VerifyContactPage -->
        <test-method status="PASS" signature="tearDown()[pri:0, instance:com.qa.test.HomePageTest@46d56d67]" name="tearDown" is-config="true" duration-ms="5892" started-at="2020-04-26T13:18:39Z" finished-at="2020-04-26T13:18:45Z">
          <reporter-output>
          </reporter-output>
        </test-method> <!-- tearDown -->
        <test-method status="PASS" signature="homeSetup()[pri:0, instance:com.qa.test.HomePageTest@46d56d67]" name="homeSetup" is-config="true" duration-ms="17041" started-at="2020-04-26T13:18:45Z" finished-at="2020-04-26T13:19:02Z">
          <reporter-output>
          </reporter-output>
        </test-method> <!-- homeSetup -->
        <test-method status="PASS" signature="VerifyCompaniesPage()[pri:4, instance:com.qa.test.HomePageTest@46d56d67]" name="VerifyCompaniesPage" duration-ms="1989" started-at="2020-04-26T13:19:02Z" finished-at="2020-04-26T13:19:04Z">
          <reporter-output>
          </reporter-output>
        </test-method> <!-- VerifyCompaniesPage -->
        <test-method status="PASS" signature="tearDown()[pri:0, instance:com.qa.test.HomePageTest@46d56d67]" name="tearDown" is-config="true" duration-ms="5903" started-at="2020-04-26T13:19:04Z" finished-at="2020-04-26T13:19:10Z">
          <reporter-output>
          </reporter-output>
        </test-method> <!-- tearDown -->
        <test-method status="PASS" signature="homeSetup()[pri:0, instance:com.qa.test.HomePageTest@46d56d67]" name="homeSetup" is-config="true" duration-ms="16807" started-at="2020-04-26T13:19:10Z" finished-at="2020-04-26T13:19:27Z">
          <reporter-output>
          </reporter-output>
        </test-method> <!-- homeSetup -->
        <test-method status="PASS" signature="VerifyDealsPage()[pri:5, instance:com.qa.test.HomePageTest@46d56d67]" name="VerifyDealsPage" duration-ms="1969" started-at="2020-04-26T13:19:27Z" finished-at="2020-04-26T13:19:29Z">
          <reporter-output>
          </reporter-output>
        </test-method> <!-- VerifyDealsPage -->
        <test-method status="PASS" signature="tearDown()[pri:0, instance:com.qa.test.HomePageTest@46d56d67]" name="tearDown" is-config="true" duration-ms="5859" started-at="2020-04-26T13:19:29Z" finished-at="2020-04-26T13:19:35Z">
          <reporter-output>
          </reporter-output>
        </test-method> <!-- tearDown -->
        <test-method status="PASS" signature="homeSetup()[pri:0, instance:com.qa.test.HomePageTest@46d56d67]" name="homeSetup" is-config="true" duration-ms="19968" started-at="2020-04-26T13:19:35Z" finished-at="2020-04-26T13:19:55Z">
          <reporter-output>
          </reporter-output>
        </test-method> <!-- homeSetup -->
        <test-method status="PASS" signature="VerifyTasks()[pri:6, instance:com.qa.test.HomePageTest@46d56d67]" name="VerifyTasks" duration-ms="1895" started-at="2020-04-26T13:19:55Z" finished-at="2020-04-26T13:19:57Z">
          <reporter-output>
          </reporter-output>
        </test-method> <!-- VerifyTasks -->
        <test-method status="PASS" signature="tearDown()[pri:0, instance:com.qa.test.HomePageTest@46d56d67]" name="tearDown" is-config="true" duration-ms="5893" started-at="2020-04-26T13:19:57Z" finished-at="2020-04-26T13:20:03Z">
          <reporter-output>
          </reporter-output>
        </test-method> <!-- tearDown -->
      </class> <!-- com.qa.test.HomePageTest -->
    </test> <!-- Default test -->
  </suite> <!-- Default suite -->
</testng-results>
